Traceback (most recent call last):
  File "Copy_test.py", line 13, in <module>
    size = os.path.getsize(path)
  File "/usr/lib/python3.5/genericpath.py", line 50, in getsize
    return os.stat(filename).st_size
FileNotFoundError: [Errno 2] No such file or directory: './pap_2'
Traceback (most recent call last):
  File "Copy_test.py", line 13, in <module>
    size = os.path.getsize(path)
  File "/usr/lib/python3.5/genericpath.py", line 50, in getsize
    return os.stat(filename).st_size
FileNotFoundError: [Errno 2] No such file or directory: './pap_2'
Traceback (most recent call last):
  File "Copy_test.py", line 13, in <module>
    size = os.path.getsize(path)
  File "/usr/lib/python3.5/genericpath.py", line 50, in getsize
    return os.stat(filename).st_size
FileNotFoundError: [Errno 2] No such file or directory: './pap_2'
0 Мб
/home/pi/share/Picamera
['18_14_51_23-03-2019']
11.462841987609863
['./pap_2/18_14_51_23-03-2019']
./pap_2/18_14_51_23-03-2019
['./pap_2/18_14_51_23-03-2019']
Traceback (most recent call last):
  File "Copy_test.py", line 72, in <module>
    Thread(target = copy_folder())
  File "Copy_test.py", line 58, in copy_folder
    shutil.move(last_pap(), '/mnt/yandex_disk/pap_3')
  File "/usr/lib/python3.5/shutil.py", line 542, in move
    raise Error("Destination path '%s' already exists" % real_dst)
shutil.Error: Destination path '/mnt/yandex_disk/pap_3/18_14_51_23-03-2019' already exists
0 Мб
/home/pi/share/Picamera
[]
0.0
[]
None
['./pap_2/18_37_55_23-03-2019', './pap_2/18_37_30_23-03-2019']
Traceback (most recent call last):
  File "/usr/lib/python3.5/shutil.py", line 544, in move
    os.rename(src, real_dst)
OSError: [Errno 18] Invalid cross-device link: './pap_2/18_37_30_23-03-2019' -> '/mnt/yandex_disk/pap_3/18_37_30_23-03-2019'

During handling of the above exception, another exception occurred:

Traceback (most recent call last):
  File "Copy_test.py", line 72, in <module>
    Thread(target = copy_folder())
  File "Copy_test.py", line 58, in copy_folder
    shutil.move(last_pap(), '/mnt/yandex_disk/pap_3')
  File "/usr/lib/python3.5/shutil.py", line 555, in move
    symlinks=True)
  File "/usr/lib/python3.5/shutil.py", line 359, in copytree
    raise Error(errors)
shutil.Error: [('./pap_2/18_37_30_23-03-2019/photo.007.jpg', '/mnt/yandex_disk/pap_3/18_37_30_23-03-2019/photo.007.jpg', "[Errno 1] Operation not permitted: '/mnt/yandex_disk/pap_3/18_37_30_23-03-2019/photo.007.jpg'")]
0 Мб
/home/pi/share/Picamera
['18_38_21_23-03-2019', '18_40_28_23-03-2019', '18_38_46_23-03-2019', '18_40_03_23-03-2019']
23.401421546936035
['./pap_2/18_38_21_23-03-2019', './pap_2/18_40_28_23-03-2019', './pap_2/18_38_46_23-03-2019', './pap_2/18_40_03_23-03-2019']
./pap_2/18_38_21_23-03-2019
['./pap_2/18_38_21_23-03-2019', './pap_2/18_40_28_23-03-2019', './pap_2/18_38_46_23-03-2019', './pap_2/18_40_03_23-03-2019']
Traceback (most recent call last):
  File "Copy_test.py", line 72, in <module>
    Thread(target = copy_folder())
  File "Copy_test.py", line 58, in copy_folder
    shutil.move(last_pap(), '/mnt/yandex_disk/pap_3')
  File "/usr/lib/python3.5/shutil.py", line 542, in move
    raise Error("Destination path '%s' already exists" % real_dst)
shutil.Error: Destination path '/mnt/yandex_disk/pap_3/18_38_21_23-03-2019' already exists
0 Мб
/home/pi/share/Picamera
['18_45_17_23-03-2019']
4.779277801513672
['./pap_2/18_45_17_23-03-2019']
./pap_2/18_45_17_23-03-2019
['./pap_2/18_45_17_23-03-2019', './pap_2/18_47_18_23-03-2019']
Traceback (most recent call last):
  File "/usr/lib/python3.5/shutil.py", line 544, in move
    os.rename(src, real_dst)
OSError: [Errno 18] Invalid cross-device link: './pap_2/18_45_17_23-03-2019' -> '/mnt/yandex_disk/pap_3/18_45_17_23-03-2019'

During handling of the above exception, another exception occurred:

Traceback (most recent call last):
  File "Copy_test.py", line 72, in <module>
    Thread(target = copy_folder())
  File "Copy_test.py", line 58, in copy_folder
    shutil.move(last_pap(), '/mnt/yandex_disk/pap_3')
  File "/usr/lib/python3.5/shutil.py", line 555, in move
    symlinks=True)
  File "/usr/lib/python3.5/shutil.py", line 359, in copytree
    raise Error(errors)
shutil.Error: [('./pap_2/18_45_17_23-03-2019/photo.013.jpg', '/mnt/yandex_disk/pap_3/18_45_17_23-03-2019/photo.013.jpg', "[Errno 5] Input/output error: '/mnt/yandex_disk/pap_3/18_45_17_23-03-2019/photo.013.jpg'")]
0 Мб
/home/pi/share/Picamera
['19_04_53_23-03-2019', '19_35_31_23-03-2019', '19_39_15_23-03-2019', '19_38_24_23-03-2019', '19_32_05_23-03-2019', '19_32_52_23-03-2019', '19_36_17_23-03-2019', '19_04_27_23-03-2019', '19_37_43_23-03-2019']
25.856412887573242
['./pap_2/19_04_53_23-03-2019', './pap_2/19_35_31_23-03-2019', './pap_2/19_39_15_23-03-2019', './pap_2/19_38_24_23-03-2019', './pap_2/19_32_05_23-03-2019', './pap_2/19_32_52_23-03-2019', './pap_2/19_36_17_23-03-2019', './pap_2/19_04_27_23-03-2019', './pap_2/19_37_43_23-03-2019']
./pap_2/19_04_53_23-03-2019
['./pap_2/19_04_53_23-03-2019', './pap_2/19_35_31_23-03-2019', './pap_2/19_39_15_23-03-2019', './pap_2/19_38_24_23-03-2019', './pap_2/19_43_30_23-03-2019', './pap_2/19_32_05_23-03-2019', './pap_2/19_32_52_23-03-2019', './pap_2/19_36_17_23-03-2019', './pap_2/19_04_27_23-03-2019', './pap_2/19_37_43_23-03-2019']
Traceback (most recent call last):
  File "/usr/lib/python3.5/shutil.py", line 544, in move
    os.rename(src, real_dst)
OSError: [Errno 18] Invalid cross-device link: './pap_2/19_04_53_23-03-2019' -> '/mnt/yandex_disk/pap_3/19_04_53_23-03-2019'

During handling of the above exception, another exception occurred:

Traceback (most recent call last):
  File "Copy_test.py", line 72, in <module>
    Thread(target = copy_folder())
  File "Copy_test.py", line 58, in copy_folder
    shutil.move(last_pap(), '/mnt/yandex_disk/pap_3')
  File "/usr/lib/python3.5/shutil.py", line 555, in move
    symlinks=True)
  File "/usr/lib/python3.5/shutil.py", line 359, in copytree
    raise Error(errors)
shutil.Error: [('./pap_2/19_04_53_23-03-2019/photo.25.jpg', '/mnt/yandex_disk/pap_3/19_04_53_23-03-2019/photo.25.jpg', "[Errno 5] Input/output error: '/mnt/yandex_disk/pap_3/19_04_53_23-03-2019/photo.25.jpg'")]
0 Мб
/home/pi/share/Picamera
['19_04_53_23-03-2019', '19_35_31_23-03-2019', '19_39_15_23-03-2019', '19_38_24_23-03-2019', '19_43_30_23-03-2019', '19_32_05_23-03-2019', '19_32_52_23-03-2019', '19_36_17_23-03-2019', '19_44_25_23-03-2019', '19_37_43_23-03-2019']
26.53694438934326
['./pap_2/19_04_53_23-03-2019', './pap_2/19_35_31_23-03-2019', './pap_2/19_39_15_23-03-2019', './pap_2/19_38_24_23-03-2019', './pap_2/19_43_30_23-03-2019', './pap_2/19_32_05_23-03-2019', './pap_2/19_32_52_23-03-2019', './pap_2/19_36_17_23-03-2019', './pap_2/19_44_25_23-03-2019', './pap_2/19_37_43_23-03-2019']
./pap_2/19_04_53_23-03-2019
['./pap_2/19_04_53_23-03-2019', './pap_2/19_35_31_23-03-2019', './pap_2/19_39_15_23-03-2019', './pap_2/19_38_24_23-03-2019', './pap_2/19_43_30_23-03-2019', './pap_2/19_32_05_23-03-2019', './pap_2/19_32_52_23-03-2019', './pap_2/19_36_17_23-03-2019', './pap_2/19_44_25_23-03-2019', './pap_2/19_47_30_23-03-2019', './pap_2/19_37_43_23-03-2019']
Traceback (most recent call last):
  File "Copy_test.py", line 72, in <module>
    Thread(target = copy_folder())
  File "Copy_test.py", line 58, in copy_folder
    shutil.move(last_pap(), '/mnt/yandex_disk/pap_3')
  File "/usr/lib/python3.5/shutil.py", line 542, in move
    raise Error("Destination path '%s' already exists" % real_dst)
shutil.Error: Destination path '/mnt/yandex_disk/pap_3/19_04_53_23-03-2019' already exists
0 Мб
/home/pi/share/Picamera
['19_52_19_23-03-2019', '19_52_04_23-03-2019', '19_52_34_23-03-2019', '19_51_48_23-03-2019']
26.06011962890625
['./pap_2/19_52_19_23-03-2019', './pap_2/19_52_04_23-03-2019', './pap_2/19_52_34_23-03-2019', './pap_2/19_51_48_23-03-2019']
./pap_2/19_51_48_23-03-2019
['./pap_2/19_52_19_23-03-2019', './pap_2/19_52_04_23-03-2019', './pap_2/19_52_34_23-03-2019', './pap_2/17_27_24_24-03-2019', './pap_2/19_51_48_23-03-2019']
30.088769912719727 Мб
['19_52_19_23-03-2019', '19_52_04_23-03-2019', '19_52_34_23-03-2019', '17_27_24_24-03-2019']
['./pap_2/19_52_19_23-03-2019', './pap_2/19_52_04_23-03-2019', './pap_2/19_52_34_23-03-2019', './pap_2/17_27_24_24-03-2019', './pap_2/17_27_50_24-03-2019']
Traceback (most recent call last):
  File "/usr/lib/python3.5/shutil.py", line 544, in move
    os.rename(src, real_dst)
OSError: [Errno 18] Invalid cross-device link: './pap_2/19_52_04_23-03-2019' -> '/mnt/yandex_disk/pap_3/19_52_04_23-03-2019'

During handling of the above exception, another exception occurred:

Traceback (most recent call last):
  File "Copy_test.py", line 72, in <module>
    Thread(target = copy_folder())
  File "Copy_test.py", line 58, in copy_folder
    shutil.move(last_pap(), '/mnt/yandex_disk/pap_3')
  File "/usr/lib/python3.5/shutil.py", line 555, in move
    symlinks=True)
  File "/usr/lib/python3.5/shutil.py", line 359, in copytree
    raise Error(errors)
shutil.Error: [('./pap_2/19_52_04_23-03-2019/photo.070.jpg', '/mnt/yandex_disk/pap_3/19_52_04_23-03-2019/photo.070.jpg', "[Errno 5] Input/output error: '/mnt/yandex_disk/pap_3/19_52_04_23-03-2019/photo.070.jpg'")]
0 Мб
/home/pi/share/Picamera
['17_30_50_24-03-2019', '17_31_42_24-03-2019', '17_31_16_24-03-2019', '17_32_07_24-03-2019']
29.65316677093506
['./pap_2/17_30_50_24-03-2019', './pap_2/17_31_42_24-03-2019', './pap_2/17_31_16_24-03-2019', './pap_2/17_32_07_24-03-2019']
./pap_2/17_30_50_24-03-2019
['./pap_2/17_40_38_24-03-2019', './pap_2/17_30_50_24-03-2019', './pap_2/17_31_42_24-03-2019', './pap_2/17_31_16_24-03-2019', './pap_2/17_32_07_24-03-2019']
Traceback (most recent call last):
  File "/usr/lib/python3.5/shutil.py", line 544, in move
    os.rename(src, real_dst)
OSError: [Errno 18] Invalid cross-device link: './pap_2/17_30_50_24-03-2019' -> '/mnt/yandex_disk/pap_3/17_30_50_24-03-2019'

During handling of the above exception, another exception occurred:

Traceback (most recent call last):
  File "Copy_test.py", line 72, in <module>
    Thread(target = copy_folder())
  File "Copy_test.py", line 58, in copy_folder
    shutil.move(last_pap(), '/mnt/yandex_disk/pap_3')
  File "/usr/lib/python3.5/shutil.py", line 555, in move
    symlinks=True)
  File "/usr/lib/python3.5/shutil.py", line 359, in copytree
    raise Error(errors)
shutil.Error: [('./pap_2/17_30_50_24-03-2019/photo.082.jpg', '/mnt/yandex_disk/pap_3/17_30_50_24-03-2019/photo.082.jpg', "[Errno 5] Input/output error: '/mnt/yandex_disk/pap_3/17_30_50_24-03-2019/photo.082.jpg'")]
0 Мб
/home/pi/share/Picamera
['18_19_50_24-03-2019', '18_20_15_24-03-2019']
11.180221557617188
['./pap_2/18_19_50_24-03-2019', './pap_2/18_20_15_24-03-2019']
./pap_2/18_19_50_24-03-2019
['./pap_2/18_19_50_24-03-2019', './pap_2/18_05_04_30-03-2019', './pap_2/18_20_15_24-03-2019']
['./pap_2/18_19_50_24-03-2019', './pap_2/18_05_04_30-03-2019', './pap_2/18_20_15_24-03-2019']
['./pap_2/18_19_50_24-03-2019', './pap_2/18_05_04_30-03-2019', './pap_2/18_20_15_24-03-2019']
['./pap_2/18_19_50_24-03-2019', './pap_2/18_05_04_30-03-2019', './pap_2/18_20_15_24-03-2019']
['./pap_2/18_19_50_24-03-2019', './pap_2/18_05_04_30-03-2019', './pap_2/18_20_15_24-03-2019']
['./pap_2/18_19_50_24-03-2019', './pap_2/18_05_04_30-03-2019', './pap_2/18_20_15_24-03-2019']
['./pap_2/18_19_50_24-03-2019', './pap_2/18_05_04_30-03-2019', './pap_2/18_20_15_24-03-2019']
['./pap_2/18_19_50_24-03-2019', './pap_2/18_05_04_30-03-2019', './pap_2/18_20_15_24-03-2019']
['./pap_2/18_19_50_24-03-2019', './pap_2/18_05_04_30-03-2019', './pap_2/18_20_15_24-03-2019']
['./pap_2/18_19_50_24-03-2019', './pap_2/18_05_04_30-03-2019', './pap_2/18_20_15_24-03-2019']
['./pap_2/18_19_50_24-03-2019', './pap_2/18_05_04_30-03-2019', './pap_2/18_20_15_24-03-2019']
['./pap_2/18_19_50_24-03-2019', './pap_2/18_05_04_30-03-2019', './pap_2/18_20_15_24-03-2019']
['./pap_2/18_19_50_24-03-2019', './pap_2/18_05_04_30-03-2019', './pap_2/18_20_15_24-03-2019']
20.67112159729004 Мб
['18_05_04_30-03-2019', '18_20_15_24-03-2019']
['./pap_2/18_05_29_30-03-2019', './pap_2/18_05_04_30-03-2019', './pap_2/18_20_15_24-03-2019']
['./pap_2/18_05_29_30-03-2019', './pap_2/18_05_04_30-03-2019', './pap_2/18_20_15_24-03-2019']
['./pap_2/18_05_29_30-03-2019', './pap_2/18_05_04_30-03-2019', './pap_2/18_20_15_24-03-2019']
['./pap_2/18_05_29_30-03-2019', './pap_2/18_05_04_30-03-2019', './pap_2/18_20_15_24-03-2019']
['./pap_2/18_05_29_30-03-2019', './pap_2/18_05_04_30-03-2019', './pap_2/18_20_15_24-03-2019']
20.071027755737305 Мб
['18_05_29_30-03-2019', '18_05_04_30-03-2019']
['./pap_2/18_05_29_30-03-2019', './pap_2/18_05_04_30-03-2019']
['./pap_2/18_05_29_30-03-2019', './pap_2/18_05_04_30-03-2019']
['./pap_2/18_05_29_30-03-2019', './pap_2/18_05_04_30-03-2019']
['./pap_2/18_05_29_30-03-2019', './pap_2/18_05_04_30-03-2019']
['./pap_2/18_05_55_30-03-2019', './pap_2/18_05_29_30-03-2019', './pap_2/18_05_04_30-03-2019']
['./pap_2/18_05_55_30-03-2019', './pap_2/18_05_29_30-03-2019', './pap_2/18_05_04_30-03-2019']
['./pap_2/18_05_55_30-03-2019', './pap_2/18_05_29_30-03-2019', './pap_2/18_05_04_30-03-2019']
['./pap_2/18_05_55_30-03-2019', './pap_2/18_05_29_30-03-2019', './pap_2/18_05_04_30-03-2019']
['./pap_2/18_05_55_30-03-2019', './pap_2/18_05_29_30-03-2019', './pap_2/18_05_04_30-03-2019']
['./pap_2/18_05_55_30-03-2019', './pap_2/18_05_29_30-03-2019', './pap_2/18_05_04_30-03-2019']
['./pap_2/18_05_55_30-03-2019', './pap_2/18_05_29_30-03-2019', './pap_2/18_05_04_30-03-2019']
['./pap_2/18_05_55_30-03-2019', './pap_2/18_05_29_30-03-2019', './pap_2/18_05_04_30-03-2019']
['./pap_2/18_05_55_30-03-2019', './pap_2/18_05_29_30-03-2019', './pap_2/18_05_04_30-03-2019']
21.37171459197998 Мб
['18_05_55_30-03-2019', '18_05_29_30-03-2019']
['./pap_2/18_05_55_30-03-2019', './pap_2/18_05_29_30-03-2019']
['./pap_2/18_05_55_30-03-2019', './pap_2/18_05_29_30-03-2019']
['./pap_2/18_05_55_30-03-2019', './pap_2/18_05_29_30-03-2019']
['./pap_2/18_05_55_30-03-2019', './pap_2/18_05_29_30-03-2019']
['./pap_2/18_05_55_30-03-2019', './pap_2/18_05_29_30-03-2019']
['./pap_2/18_06_21_30-03-2019', './pap_2/18_05_55_30-03-2019', './pap_2/18_05_29_30-03-2019']
['./pap_2/18_06_21_30-03-2019', './pap_2/18_05_55_30-03-2019', './pap_2/18_05_29_30-03-2019']
['./pap_2/18_06_21_30-03-2019', './pap_2/18_05_55_30-03-2019', './pap_2/18_05_29_30-03-2019']
['./pap_2/18_06_21_30-03-2019', './pap_2/18_05_55_30-03-2019', './pap_2/18_05_29_30-03-2019']
['./pap_2/18_06_21_30-03-2019', './pap_2/18_05_55_30-03-2019', './pap_2/18_05_29_30-03-2019']
['./pap_2/18_06_21_30-03-2019', './pap_2/18_05_55_30-03-2019', './pap_2/18_05_29_30-03-2019']
['./pap_2/18_06_21_30-03-2019', './pap_2/18_05_55_30-03-2019', './pap_2/18_05_29_30-03-2019']
['./pap_2/18_06_21_30-03-2019', './pap_2/18_05_55_30-03-2019', './pap_2/18_05_29_30-03-2019']
20.200644493103027 Мб
['18_06_21_30-03-2019', '18_05_55_30-03-2019']
['./pap_2/18_06_21_30-03-2019', './pap_2/18_05_55_30-03-2019']
['./pap_2/18_06_21_30-03-2019', './pap_2/18_06_47_30-03-2019', './pap_2/18_05_55_30-03-2019']
['./pap_2/18_06_21_30-03-2019', './pap_2/18_06_47_30-03-2019', './pap_2/18_05_55_30-03-2019']
['./pap_2/18_06_21_30-03-2019', './pap_2/18_06_47_30-03-2019', './pap_2/18_05_55_30-03-2019']
['./pap_2/18_06_21_30-03-2019', './pap_2/18_06_47_30-03-2019', './pap_2/18_05_55_30-03-2019']
['./pap_2/18_06_21_30-03-2019', './pap_2/18_06_47_30-03-2019', './pap_2/18_05_55_30-03-2019']
['./pap_2/18_06_21_30-03-2019', './pap_2/18_06_47_30-03-2019', './pap_2/18_05_55_30-03-2019']
['./pap_2/18_06_21_30-03-2019', './pap_2/18_06_47_30-03-2019', './pap_2/18_05_55_30-03-2019']
['./pap_2/18_06_21_30-03-2019', './pap_2/18_06_47_30-03-2019', './pap_2/18_05_55_30-03-2019']
['./pap_2/18_06_21_30-03-2019', './pap_2/18_06_47_30-03-2019', './pap_2/18_05_55_30-03-2019']
['./pap_2/18_06_21_30-03-2019', './pap_2/18_06_47_30-03-2019', './pap_2/18_05_55_30-03-2019']
['./pap_2/18_06_21_30-03-2019', './pap_2/18_06_47_30-03-2019', './pap_2/18_05_55_30-03-2019']
['./pap_2/18_06_21_30-03-2019', './pap_2/18_06_47_30-03-2019', './pap_2/18_05_55_30-03-2019']
20.30525016784668 Мб
['18_06_21_30-03-2019', '18_06_47_30-03-2019']
['./pap_2/18_06_21_30-03-2019', './pap_2/18_07_12_30-03-2019', './pap_2/18_06_47_30-03-2019']
['./pap_2/18_06_21_30-03-2019', './pap_2/18_07_12_30-03-2019', './pap_2/18_06_47_30-03-2019']
['./pap_2/18_06_21_30-03-2019', './pap_2/18_07_12_30-03-2019', './pap_2/18_06_47_30-03-2019']
['./pap_2/18_06_21_30-03-2019', './pap_2/18_07_12_30-03-2019', './pap_2/18_06_47_30-03-2019']
['./pap_2/18_06_21_30-03-2019', './pap_2/18_07_12_30-03-2019', './pap_2/18_06_47_30-03-2019']
['./pap_2/18_06_21_30-03-2019', './pap_2/18_07_12_30-03-2019', './pap_2/18_06_47_30-03-2019']
['./pap_2/18_06_21_30-03-2019', './pap_2/18_07_12_30-03-2019', './pap_2/18_06_47_30-03-2019']
['./pap_2/18_06_21_30-03-2019', './pap_2/18_07_12_30-03-2019', './pap_2/18_06_47_30-03-2019']
['./pap_2/18_06_21_30-03-2019', './pap_2/18_07_12_30-03-2019', './pap_2/18_06_47_30-03-2019']
['./pap_2/18_06_21_30-03-2019', './pap_2/18_07_12_30-03-2019', './pap_2/18_07_38_30-03-2019', './pap_2/18_06_47_30-03-2019']
['./pap_2/18_06_21_30-03-2019', './pap_2/18_07_12_30-03-2019', './pap_2/18_07_38_30-03-2019', './pap_2/18_06_47_30-03-2019']
['./pap_2/18_06_21_30-03-2019', './pap_2/18_07_12_30-03-2019', './pap_2/18_07_38_30-03-2019', './pap_2/18_06_47_30-03-2019']
['./pap_2/18_06_21_30-03-2019', './pap_2/18_07_12_30-03-2019', './pap_2/18_07_38_30-03-2019', './pap_2/18_06_47_30-03-2019']
20.029019355773926 Мб
['18_07_12_30-03-2019', '18_07_38_30-03-2019', '18_06_47_30-03-2019']
['./pap_2/18_07_12_30-03-2019', './pap_2/18_07_38_30-03-2019', './pap_2/18_06_47_30-03-2019']
['./pap_2/18_07_12_30-03-2019', './pap_2/18_07_38_30-03-2019', './pap_2/18_06_47_30-03-2019']
['./pap_2/18_07_12_30-03-2019', './pap_2/18_07_38_30-03-2019', './pap_2/18_06_47_30-03-2019']
['./pap_2/18_07_12_30-03-2019', './pap_2/18_07_38_30-03-2019', './pap_2/18_06_47_30-03-2019']
['./pap_2/18_07_12_30-03-2019', './pap_2/18_07_38_30-03-2019', './pap_2/18_06_47_30-03-2019']
['./pap_2/18_07_12_30-03-2019', './pap_2/18_07_38_30-03-2019', './pap_2/18_06_47_30-03-2019']
['./pap_2/18_07_12_30-03-2019', './pap_2/18_07_38_30-03-2019', './pap_2/18_06_47_30-03-2019']
['./pap_2/18_07_12_30-03-2019', './pap_2/18_07_38_30-03-2019', './pap_2/18_06_47_30-03-2019']
['./pap_2/18_07_12_30-03-2019', './pap_2/18_07_38_30-03-2019', './pap_2/18_06_47_30-03-2019']
['./pap_2/18_07_12_30-03-2019', './pap_2/18_07_38_30-03-2019', './pap_2/18_06_47_30-03-2019']
['./pap_2/18_07_12_30-03-2019', './pap_2/18_07_38_30-03-2019', './pap_2/18_06_47_30-03-2019']
['./pap_2/18_07_12_30-03-2019', './pap_2/18_07_38_30-03-2019', './pap_2/18_06_47_30-03-2019']
['./pap_2/18_07_12_30-03-2019', './pap_2/18_07_38_30-03-2019', './pap_2/18_06_47_30-03-2019']
20.256614685058594 Мб
['18_07_12_30-03-2019', '18_07_38_30-03-2019']
['./pap_2/18_07_12_30-03-2019', './pap_2/18_07_38_30-03-2019', './pap_2/18_08_04_30-03-2019']
['./pap_2/18_07_12_30-03-2019', './pap_2/18_07_38_30-03-2019', './pap_2/18_08_04_30-03-2019']
['./pap_2/18_07_12_30-03-2019', './pap_2/18_07_38_30-03-2019', './pap_2/18_08_04_30-03-2019']
['./pap_2/18_07_12_30-03-2019', './pap_2/18_07_38_30-03-2019', './pap_2/18_08_04_30-03-2019']
['./pap_2/18_07_12_30-03-2019', './pap_2/18_07_38_30-03-2019', './pap_2/18_08_04_30-03-2019']
['./pap_2/18_07_12_30-03-2019', './pap_2/18_07_38_30-03-2019', './pap_2/18_08_04_30-03-2019']
['./pap_2/18_07_12_30-03-2019', './pap_2/18_07_38_30-03-2019', './pap_2/18_08_04_30-03-2019']
['./pap_2/18_07_12_30-03-2019', './pap_2/18_07_38_30-03-2019', './pap_2/18_08_04_30-03-2019']
['./pap_2/18_07_12_30-03-2019', './pap_2/18_07_38_30-03-2019', './pap_2/18_08_04_30-03-2019']
['./pap_2/18_07_12_30-03-2019', './pap_2/18_07_38_30-03-2019', './pap_2/18_08_04_30-03-2019']
['./pap_2/18_07_12_30-03-2019', './pap_2/18_07_38_30-03-2019', './pap_2/18_08_04_30-03-2019']
['./pap_2/18_07_12_30-03-2019', './pap_2/18_07_38_30-03-2019', './pap_2/18_08_04_30-03-2019']
['./pap_2/18_07_12_30-03-2019', './pap_2/18_07_38_30-03-2019', './pap_2/18_08_04_30-03-2019']
20.05903720855713 Мб
['18_07_38_30-03-2019', '18_08_04_30-03-2019']
['./pap_2/18_08_29_30-03-2019', './pap_2/18_07_38_30-03-2019', './pap_2/18_08_04_30-03-2019']
['./pap_2/18_08_29_30-03-2019', './pap_2/18_07_38_30-03-2019', './pap_2/18_08_04_30-03-2019']
['./pap_2/18_08_29_30-03-2019', './pap_2/18_07_38_30-03-2019', './pap_2/18_08_04_30-03-2019']
['./pap_2/18_08_29_30-03-2019', './pap_2/18_07_38_30-03-2019', './pap_2/18_08_04_30-03-2019']
['./pap_2/18_08_29_30-03-2019', './pap_2/18_07_38_30-03-2019', './pap_2/18_08_04_30-03-2019']
['./pap_2/18_08_29_30-03-2019', './pap_2/18_07_38_30-03-2019', './pap_2/18_08_04_30-03-2019']
['./pap_2/18_08_29_30-03-2019', './pap_2/18_07_38_30-03-2019', './pap_2/18_08_04_30-03-2019']
['./pap_2/18_08_29_30-03-2019', './pap_2/18_07_38_30-03-2019', './pap_2/18_08_04_30-03-2019']
['./pap_2/18_08_29_30-03-2019', './pap_2/18_07_38_30-03-2019', './pap_2/18_08_04_30-03-2019']
['./pap_2/18_08_29_30-03-2019', './pap_2/18_07_38_30-03-2019', './pap_2/18_08_55_30-03-2019', './pap_2/18_08_04_30-03-2019']
['./pap_2/18_08_29_30-03-2019', './pap_2/18_07_38_30-03-2019', './pap_2/18_08_55_30-03-2019', './pap_2/18_08_04_30-03-2019']
['./pap_2/18_08_29_30-03-2019', './pap_2/18_07_38_30-03-2019', './pap_2/18_08_55_30-03-2019', './pap_2/18_08_04_30-03-2019']
['./pap_2/18_08_29_30-03-2019', './pap_2/18_07_38_30-03-2019', './pap_2/18_08_55_30-03-2019', './pap_2/18_08_04_30-03-2019']
20.18903923034668 Мб
['18_08_29_30-03-2019', '18_08_55_30-03-2019', '18_08_04_30-03-2019']
['./pap_2/18_08_29_30-03-2019', './pap_2/18_08_55_30-03-2019', './pap_2/18_08_04_30-03-2019']
['./pap_2/18_08_29_30-03-2019', './pap_2/18_08_55_30-03-2019', './pap_2/18_08_04_30-03-2019']
['./pap_2/18_08_29_30-03-2019', './pap_2/18_08_55_30-03-2019', './pap_2/18_08_04_30-03-2019']
['./pap_2/18_08_29_30-03-2019', './pap_2/18_08_55_30-03-2019', './pap_2/18_08_04_30-03-2019', './pap_2/18_09_21_30-03-2019']
['./pap_2/18_08_29_30-03-2019', './pap_2/18_08_55_30-03-2019', './pap_2/18_08_04_30-03-2019', './pap_2/18_09_21_30-03-2019']
['./pap_2/18_08_29_30-03-2019', './pap_2/18_08_55_30-03-2019', './pap_2/18_08_04_30-03-2019', './pap_2/18_09_21_30-03-2019']
['./pap_2/18_08_29_30-03-2019', './pap_2/18_08_55_30-03-2019', './pap_2/18_08_04_30-03-2019', './pap_2/18_09_21_30-03-2019']
['./pap_2/18_08_29_30-03-2019', './pap_2/18_08_55_30-03-2019', './pap_2/18_08_04_30-03-2019', './pap_2/18_09_21_30-03-2019', './pap_2/18_09_47_30-03-2019']
['./pap_2/18_08_29_30-03-2019', './pap_2/18_08_55_30-03-2019', './pap_2/18_08_04_30-03-2019', './pap_2/18_09_21_30-03-2019', './pap_2/18_09_47_30-03-2019']
['./pap_2/18_08_29_30-03-2019', './pap_2/18_08_55_30-03-2019', './pap_2/18_08_04_30-03-2019', './pap_2/18_09_21_30-03-2019', './pap_2/18_09_47_30-03-2019']
['./pap_2/18_08_29_30-03-2019', './pap_2/18_08_55_30-03-2019', './pap_2/18_08_04_30-03-2019', './pap_2/18_09_21_30-03-2019', './pap_2/18_09_47_30-03-2019']
['./pap_2/18_08_29_30-03-2019', './pap_2/18_08_55_30-03-2019', './pap_2/18_08_04_30-03-2019', './pap_2/18_09_21_30-03-2019', './pap_2/18_09_47_30-03-2019']
['./pap_2/18_08_29_30-03-2019', './pap_2/18_08_55_30-03-2019', './pap_2/18_08_04_30-03-2019', './pap_2/18_09_21_30-03-2019', './pap_2/18_09_47_30-03-2019']
22.61269760131836 Мб
['18_08_29_30-03-2019', '18_08_55_30-03-2019', '18_09_21_30-03-2019', '18_09_47_30-03-2019']
['./pap_2/18_08_29_30-03-2019', './pap_2/18_08_55_30-03-2019', './pap_2/18_09_21_30-03-2019', './pap_2/18_09_47_30-03-2019']
['./pap_2/18_08_29_30-03-2019', './pap_2/18_08_55_30-03-2019', './pap_2/18_09_21_30-03-2019', './pap_2/18_09_47_30-03-2019']
['./pap_2/18_08_29_30-03-2019', './pap_2/18_08_55_30-03-2019', './pap_2/18_10_12_30-03-2019', './pap_2/18_09_21_30-03-2019', './pap_2/18_09_47_30-03-2019']
['./pap_2/18_08_29_30-03-2019', './pap_2/18_08_55_30-03-2019', './pap_2/18_10_12_30-03-2019', './pap_2/18_09_21_30-03-2019', './pap_2/18_09_47_30-03-2019']
['./pap_2/18_08_29_30-03-2019', './pap_2/18_08_55_30-03-2019', './pap_2/18_10_12_30-03-2019', './pap_2/18_09_21_30-03-2019', './pap_2/18_09_47_30-03-2019']
['./pap_2/18_08_29_30-03-2019', './pap_2/18_08_55_30-03-2019', './pap_2/18_10_12_30-03-2019', './pap_2/18_09_21_30-03-2019', './pap_2/18_09_47_30-03-2019']
['./pap_2/18_08_29_30-03-2019', './pap_2/18_08_55_30-03-2019', './pap_2/18_10_12_30-03-2019', './pap_2/18_09_21_30-03-2019', './pap_2/18_09_47_30-03-2019']
['./pap_2/18_08_29_30-03-2019', './pap_2/18_08_55_30-03-2019', './pap_2/18_10_12_30-03-2019', './pap_2/18_09_21_30-03-2019', './pap_2/18_09_47_30-03-2019']
['./pap_2/18_08_29_30-03-2019', './pap_2/18_08_55_30-03-2019', './pap_2/18_10_12_30-03-2019', './pap_2/18_09_21_30-03-2019', './pap_2/18_09_47_30-03-2019']
['./pap_2/18_08_29_30-03-2019', './pap_2/18_08_55_30-03-2019', './pap_2/18_10_12_30-03-2019', './pap_2/18_09_21_30-03-2019', './pap_2/18_09_47_30-03-2019']
['./pap_2/18_08_29_30-03-2019', './pap_2/18_08_55_30-03-2019', './pap_2/18_10_12_30-03-2019', './pap_2/18_09_21_30-03-2019', './pap_2/18_09_47_30-03-2019']
['./pap_2/18_08_29_30-03-2019', './pap_2/18_08_55_30-03-2019', './pap_2/18_10_12_30-03-2019', './pap_2/18_09_21_30-03-2019', './pap_2/18_09_47_30-03-2019']
['./pap_2/18_08_29_30-03-2019', './pap_2/18_08_55_30-03-2019', './pap_2/18_10_12_30-03-2019', './pap_2/18_09_21_30-03-2019', './pap_2/18_09_47_30-03-2019']
36.07830810546875 Мб
['18_08_55_30-03-2019', '18_10_12_30-03-2019', '18_09_21_30-03-2019', '18_09_47_30-03-2019']
['./pap_2/18_08_55_30-03-2019', './pap_2/18_10_12_30-03-2019', './pap_2/18_09_21_30-03-2019', './pap_2/18_09_47_30-03-2019']
['./pap_2/18_08_55_30-03-2019', './pap_2/18_10_12_30-03-2019', './pap_2/18_09_21_30-03-2019', './pap_2/18_09_47_30-03-2019']
['./pap_2/18_08_55_30-03-2019', './pap_2/18_10_12_30-03-2019', './pap_2/18_09_21_30-03-2019', './pap_2/18_09_47_30-03-2019']
['./pap_2/18_08_55_30-03-2019', './pap_2/18_10_12_30-03-2019', './pap_2/18_09_21_30-03-2019', './pap_2/18_09_47_30-03-2019']
['./pap_2/18_08_55_30-03-2019', './pap_2/18_10_12_30-03-2019', './pap_2/18_09_21_30-03-2019', './pap_2/18_09_47_30-03-2019']
['./pap_2/18_08_55_30-03-2019', './pap_2/18_10_12_30-03-2019', './pap_2/18_09_21_30-03-2019', './pap_2/18_09_47_30-03-2019']
['./pap_2/18_08_55_30-03-2019', './pap_2/18_10_12_30-03-2019', './pap_2/18_09_21_30-03-2019', './pap_2/18_09_47_30-03-2019']
['./pap_2/18_08_55_30-03-2019', './pap_2/18_10_12_30-03-2019', './pap_2/18_09_21_30-03-2019', './pap_2/18_09_47_30-03-2019']
['./pap_2/18_08_55_30-03-2019', './pap_2/18_10_12_30-03-2019', './pap_2/18_09_21_30-03-2019', './pap_2/18_09_47_30-03-2019']
['./pap_2/18_08_55_30-03-2019', './pap_2/18_10_12_30-03-2019', './pap_2/18_09_21_30-03-2019', './pap_2/18_09_47_30-03-2019']
['./pap_2/18_08_55_30-03-2019', './pap_2/18_10_12_30-03-2019', './pap_2/18_09_21_30-03-2019', './pap_2/18_09_47_30-03-2019']
['./pap_2/18_08_55_30-03-2019', './pap_2/18_10_12_30-03-2019', './pap_2/18_09_21_30-03-2019', './pap_2/18_09_47_30-03-2019']0 Мб
/home/pi/share/Picamera
['18_10_12_30-03-2019', '18_09_47_30-03-2019']
17.727688789367676
['./pap_2/18_10_12_30-03-2019', './pap_2/18_09_47_30-03-2019']
./pap_2/18_09_47_30-03-2019
['./pap_2/18_21_58_30-03-2019', './pap_2/18_10_12_30-03-2019', './pap_2/18_09_47_30-03-2019']
['./pap_2/18_21_58_30-03-2019', './pap_2/18_10_12_30-03-2019', './pap_2/18_09_47_30-03-2019']
['./pap_2/18_21_58_30-03-2019', './pap_2/18_10_12_30-03-2019', './pap_2/18_09_47_30-03-2019']
Traceback (most recent call last):
  File "Copy_file_4.2_linux.py", line 99, in <module>
    Thread(target = copy())
  File "Copy_file_4.2_linux.py", line 81, in copy
    shutil.copyfile(last_pap()+'/'+i, path_copy+last_pap()+'/'+i)
  File "/usr/lib/python3.5/shutil.py", line 121, in copyfile
    with open(dst, 'wb') as fdst:
FileNotFoundError: [Errno 2] No such file or directory: '/mnt/yandex_disk/pap_3./pap_2/18_09_47_30-03-2019/photo.111.jpg'
